[debug] [2021-05-10T14:02:02.113Z] ----------------------------------------------------------------------
[debug] [2021-05-10T14:02:02.116Z] Command:       /usr/local/bin/node /usr/local/bin/firebase init
[debug] [2021-05-10T14:02:02.116Z] CLI Version:   9.10.2
[debug] [2021-05-10T14:02:02.116Z] Platform:      linux
[debug] [2021-05-10T14:02:02.116Z] Node Version:  v12.13.0
[debug] [2021-05-10T14:02:02.117Z] Time:          Mon May 10 2021 19:32:02 GMT+0530 (India Standard Time)
[debug] [2021-05-10T14:02:02.117Z] ----------------------------------------------------------------------
[debug] 
[debug] [2021-05-10T14:02:02.124Z] > command requires scopes: ["email","openid","https://www.googleapis.com/auth/cloudplatformprojects.readonly","https://www.googleapis.com/auth/firebase","https://www.googleapis.com/auth/cloud-platform"]
[debug] [2021-05-10T14:02:02.124Z] > authorizing via signed-in user (subhri.acharjya@gmail.com)
[info] 
     ######## #### ########  ######## ########     ###     ######  ########
     ##        ##  ##     ## ##       ##     ##  ##   ##  ##       ##
     ######    ##  ########  ######   ########  #########  ######  ######
     ##        ##  ##    ##  ##       ##     ## ##     ##       ## ##
     ##       #### ##     ## ######## ########  ##     ##  ######  ########

You're about to initialize a Firebase project in this directory:

  /home/subhro/Desktop/Projects/Projects/vuellery

[info] 
=== Project Setup
[info] 
[info] First, let's associate this project directory with a Firebase project.
[info] You can create multiple project aliases by running firebase use --add, 
[info] but for now we'll just set up a default project.
[info] 
[debug] [2021-05-10T14:02:27.257Z] >>> [apiv2][query] GET https://firebase.googleapis.com/v1beta1/projects pageSize=100
[debug] [2021-05-10T14:02:27.999Z] <<< [apiv2][status] GET https://firebase.googleapis.com/v1beta1/projects 200
[debug] [2021-05-10T14:02:27.999Z] <<< [apiv2][body] GET https://firebase.googleapis.com/v1beta1/projects [omitted]
[info] i  Using project vue-gallery-4fcd0 (vue-gallery) 
[info] 
=== Hosting Setup
[info] 
[info] Your public directory is the folder (relative to your project directory) that
[info] will contain Hosting assets to be uploaded with firebase deploy. If you
[info] have a build process for your assets, use your build's output directory.
[info] 
[debug] [2021-05-10T14:03:04.014Z] >>> [apiv2][query] GET https://www.gstatic.com/firebasejs/releases.json [none]
[debug] [2021-05-10T14:03:04.229Z] <<< [apiv2][status] GET https://www.gstatic.com/firebasejs/releases.json 200
[debug] [2021-05-10T14:03:04.231Z] <<< [apiv2][body] GET https://www.gstatic.com/firebasejs/releases.json {"current":{"version":"8.5.0","browserURL":"https://www.gstatic.com/firebasejs/8.5.0/firebase.js","packageURL":"https://www.gstatic.com/firebasejs/8.5.0/firebase.tgz"},"live":{"version":"8.5","browserURL":"https://www.gstatic.com/firebasejs/live/8.5/firebase.js","packageURL":"https://www.gstatic.com/firebasejs/live/8.5/firebase.tgz"},"components":{"analytics":"https://www.gstatic.com/firebasejs/8.5.0/firebase-analytics.js","app":"https://www.gstatic.com/firebasejs/8.5.0/firebase-app.js","auth":"https://www.gstatic.com/firebasejs/8.5.0/firebase-auth.js","database":"https://www.gstatic.com/firebasejs/8.5.0/firebase-database.js","firestore":"https://www.gstatic.com/firebasejs/8.5.0/firebase-firestore.js","functions":"https://www.gstatic.com/firebasejs/8.5.0/firebase-functions.js","installations":"https://www.gstatic.com/firebasejs/8.5.0/firebase-installations.js","messaging":"https://www.gstatic.com/firebasejs/8.5.0/firebase-messaging.js","storage":"https://www.gstatic.com/firebasejs/8.5.0/firebase-storage.js","performance":"https://www.gstatic.com/firebasejs/8.5.0/firebase-performance.js","remote-config":"https://www.gstatic.com/firebasejs/8.5.0/firebase-remote-config.js","firestore.memory":"https://www.gstatic.com/firebasejs/8.5.0/firebase-firestore.memory.js"}}
[info] i  Skipping write of dist/index.html 
[info] 
[info] i  Detected a .git folder at /home/subhro/Desktop/Projects/Projects/vuellery 
[info] i  Authorizing with GitHub to upload your service account to a GitHub repository's secrets store. 
[info] 
[info] Visit this URL on this device to log in:
[info] https://github.com/login/oauth/authorize?client_id=89cf50f02ac6aaed3484&state=438144770&redirect_uri=http%3A%2F%2Flocalhost%3A9005&scope=read%3Auser%20repo%20public_repo
[info] 
[info] Waiting for authentication...
[debug] [2021-05-10T14:03:23.514Z] >>> HTTP REQUEST POST https://github.com/login/oauth/access_token  
 {"client_id":"89cf50f02ac6aaed3484","client_secret":"3330d14abc895d9a74d5f17cd7a00711fa2c5bf0","code":"a16bb3f87373ba00343d","redirect_uri":"http://localhost:9005","state":"438144770"}
[debug] [2021-05-10T14:03:24.461Z] <<< HTTP RESPONSE 200 {"server":"GitHub.com","date":"Mon, 10 May 2021 14:03:24 GMT","content-type":"application/json; charset=utf-8","transfer-encoding":"chunked","vary":"X-PJAX, Accept-Encoding, Accept, X-Requested-With","permissions-policy":"interest-cohort=()","etag":"W/\"f7c724d776c993b8ee69846d9f22970d\"","cache-control":"max-age=0, private, must-revalidate","strict-transport-security":"max-age=31536000; includeSubdomains; preload","x-frame-options":"deny","x-content-type-options":"nosniff","x-xss-protection":"0","referrer-policy":"origin-when-cross-origin, strict-origin-when-cross-origin","expect-ct":"max-age=2592000, report-uri=\"https://api.github.com/_private/browser/errors\"","content-security-policy":"default-src 'none'; base-uri 'self'; block-all-mixed-content; connect-src 'self' uploads.github.com www.githubstatus.com collector.githubapp.com api.github.com github-cloud.s3.amazonaws.com github-production-repository-file-5c1aeb.s3.amazonaws.com github-production-upload-manifest-file-7fdce7.s3.amazonaws.com github-production-user-asset-6210df.s3.amazonaws.com cdn.optimizely.com logx.optimizely.com/v1/events wss://alive.github.com; font-src github.githubassets.com; form-action 'self' github.com gist.github.com; frame-ancestors 'none'; frame-src render.githubusercontent.com; img-src 'self' data: github.githubassets.com identicons.github.com collector.githubapp.com github-cloud.s3.amazonaws.com secured-user-images.githubusercontent.com/ *.githubusercontent.com; manifest-src 'self'; media-src 'none'; script-src github.githubassets.com; style-src 'unsafe-inline' github.githubassets.com; worker-src github.com/socket-worker-3f088aa2.js gist.github.com/socket-worker-3f088aa2.js","x-github-request-id":"CFFE:6A52:1199375:1328F60:60993D2C"}
[debug] [2021-05-10T14:03:24.503Z] >>> [apiv2][query] GET https://api.github.com/user [none]
[debug] [2021-05-10T14:03:24.943Z] <<< [apiv2][status] GET https://api.github.com/user 200
[debug] [2021-05-10T14:03:24.943Z] <<< [apiv2][body] GET https://api.github.com/user {"login":"joseph444","id":52913990,"node_id":"MDQ6VXNlcjUyOTEzOTkw","avatar_url":"https://avatars.githubusercontent.com/u/52913990?v=4","gravatar_id":"","url":"https://api.github.com/users/joseph444","html_url":"https://github.com/joseph444","followers_url":"https://api.github.com/users/joseph444/followers","following_url":"https://api.github.com/users/joseph444/following{/other_user}","gists_url":"https://api.github.com/users/joseph444/gists{/gist_id}","starred_url":"https://api.github.com/users/joseph444/starred{/owner}{/repo}","subscriptions_url":"https://api.github.com/users/joseph444/subscriptions","organizations_url":"https://api.github.com/users/joseph444/orgs","repos_url":"https://api.github.com/users/joseph444/repos","events_url":"https://api.github.com/users/joseph444/events{/privacy}","received_events_url":"https://api.github.com/users/joseph444/received_events","type":"User","site_admin":false,"name":"subhro","company":null,"blog":"","location":null,"email":null,"hireable":true,"bio":"i am coder and i seek more","twitter_username":null,"public_repos":23,"public_gists":0,"followers":7,"following":4,"created_at":"2019-07-15T09:22:30Z","updated_at":"2021-05-10T14:03:16Z","private_gists":0,"total_private_repos":5,"owned_private_repos":5,"disk_usage":109275,"collaborators":1,"two_factor_authentication":false,"plan":{"name":"free","space":976562499,"collaborators":0,"private_repos":10000}}
[info] 
[info] ✔  Success! Logged into GitHub as joseph444 
[info] 
